<?xml version="1.0" encoding="UTF-8"?>
<!-- Generated by org.testng.reporters.JUnitReportReporter -->
<testsuite hostname="RU1207211829" name="com.example.tests.ContactRemovalTests" tests="1" failures="0" timestamp="30 Apr 2015 08:15:30 GMT" time="2.958" errors="0">
  <testcase name="testContactCanBeRemoved" time="2.958" classname="com.example.tests.ContactRemovalTests"/>
</testsuite> <!-- com.example.tests.ContactRemovalTests -->
