<?xml version="1.0" encoding="UTF-8"?>
<!-- Generated by org.testng.reporters.JUnitReportReporter -->
<testsuite hostname="RU1207211829" name="com.example.tests.GroupRemovalTests" tests="1" failures="0" timestamp="30 Apr 2015 08:14:57 GMT" time="3.309" errors="0">
  <testcase name="testFirstGroupCanBeRemoved" time="3.309" classname="com.example.tests.GroupRemovalTests"/>
</testsuite> <!-- com.example.tests.GroupRemovalTests -->
